============================= test session starts =============================
platform win32 -- Python 3.12.7, pytest-9.1.1, pluggy-1.6.0
rootdir: C:\Users\Lauseusing\Developer\video-knowledge-m1-productization
configfile: pyproject.toml
testpaths: tests
plugins: hydra-core-1.3.4
collected 1131 items / 2 deselected / 1129 selected

tests\knowledge\test_acquisition.py .................                    [  1%]
tests\knowledge\test_acquisition_coordinator.py ..............           [  2%]
tests\knowledge\test_acquisition_metadata_handoff.py ...                 [  3%]
tests\knowledge\test_alignment.py ...............                        [  4%]
tests\knowledge\test_artifact_lineage.py .                               [  4%]
tests\knowledge\test_artifacts.py ..                                     [  4%]
tests\knowledge\test_audit_bundle.py .........................           [  6%]
tests\knowledge\test_capabilities.py ..                                  [  6%]
tests\knowledge\test_cdp_endpoint_precheck.py .............              [  8%]
tests\knowledge\test_chapter_continuity_anchors.py ........              [  8%]
tests\knowledge\test_chapterize.py ..........                            [  9%]
tests\knowledge\test_claim_audit.py ......................               [ 11%]
tests\knowledge\test_claim_map.py ....                                   [ 12%]
tests\knowledge\test_cli.py ......................                       [ 13%]
tests\knowledge\test_composition_root.py ..........                      [ 14%]
tests\knowledge\test_corroboration.py .................................. [ 17%]
..............                                                           [ 19%]
tests\knowledge\test_coverage.py .....                                   [ 19%]
tests\knowledge\test_db_readonly.py .........                            [ 20%]
tests\knowledge\test_desktop.py ...                                      [ 20%]
tests\knowledge\test_diarization.py .........                            [ 21%]
tests\knowledge\test_entities.py ....                                    [ 21%]
tests\knowledge\test_evaluation.py ..........                            [ 22%]
tests\knowledge\test_evaluation_evidence.py .......                      [ 23%]
tests\knowledge\test_execution_control.py .                              [ 23%]
tests\knowledge\test_frame_extraction.py ........                        [ 24%]
tests\knowledge\test_gateway.py ....................                     [ 25%]
tests\knowledge\test_gateway_config_errors.py .....                      [ 26%]
tests\knowledge\test_goldset_manifest.py ..                              [ 26%]
tests\knowledge\test_import_boundaries.py ....                           [ 26%]
tests\knowledge\test_index_stage.py .                                    [ 26%]
tests\knowledge\test_m1a_live_evidence.py ..                             [ 27%]
tests\knowledge\test_m2_backends.py ......                               [ 27%]
tests\knowledge\test_m2a_benchmark.py ...                                [ 27%]
tests\knowledge\test_m2a_production_evidence.py ..                       [ 28%]
tests\knowledge\test_m2b_backend.py ...                                  [ 28%]
tests\knowledge\test_m2b_benchmark.py ....                               [ 28%]
tests\knowledge\test_m2b_production_evidence.py ....                     [ 29%]
tests\knowledge\test_manifest.py ......                                  [ 29%]
tests\knowledge\test_media_core_asr_funasr.py ...........                [ 30%]
tests\knowledge\test_media_core_burned_ocr.py ...................        [ 32%]
tests\knowledge\test_media_core_commands.py .....                        [ 32%]
tests\knowledge\test_media_core_embedded_subtitle.py .....               [ 33%]
tests\knowledge\test_media_core_ffmpeg_locator.py ..........             [ 34%]
tests\knowledge\test_media_core_srt.py ...............                   [ 35%]
tests\knowledge\test_media_core_transcribe.py ...................        [ 37%]
tests\knowledge\test_media_fallback_modes.py ....................        [ 38%]
tests\knowledge\test_media_metadata_cascade.py ..........                [ 39%]
tests\knowledge\test_media_optional_dep_contract.py .....                [ 40%]
tests\knowledge\test_media_policy.py ..............                      [ 41%]
tests\knowledge\test_media_retention.py ..                               [ 41%]
tests\knowledge\test_metadata_snapshot.py ..............                 [ 42%]
tests\knowledge\test_migrations.py ......                                [ 43%]
tests\knowledge\test_normalize.py .......                                [ 43%]
tests\knowledge\test_note_projection.py ....                             [ 44%]
tests\knowledge\test_p2_closure.py ..                                    [ 44%]
tests\knowledge\test_pending_live_tool.py ..........                     [ 45%]
tests\knowledge\test_processing.py .................                     [ 46%]
tests\knowledge\test_product_artifacts.py ..........                     [ 47%]
tests\knowledge\test_product_cli_install.py ...                          [ 48%]
tests\knowledge\test_product_diagnostics.py ............                 [ 49%]
tests\knowledge\test_prompts.py ...                                      [ 49%]
tests\knowledge\test_qc.py .......                                       [ 49%]
tests\knowledge\test_rolling_captions.py ....................            [ 51%]
tests\knowledge\test_run_cache.py ..                                     [ 51%]
tests\knowledge\test_run_dependencies.py ......                          [ 52%]
tests\knowledge\test_runner_e2e.py ....................                  [ 54%]
tests\knowledge\test_schema_validation.py .........                      [ 55%]
tests\knowledge\test_search.py ......                                    [ 55%]
tests\knowledge\test_search_migration.py ...                             [ 55%]
tests\knowledge\test_source_provenance.py ...                            [ 56%]
tests\knowledge\test_speaker_identity.py ..                              [ 56%]
tests\knowledge\test_stage_dag_migration.py ...                          [ 56%]
tests\knowledge\test_stage_plan.py ......                                [ 57%]
tests\knowledge\test_task0_inventory.py ...                              [ 57%]
tests\knowledge\test_transcript_entities.py ........                     [ 58%]
tests\knowledge\test_transcript_schema_versioning.py .......             [ 58%]
tests\knowledge\test_visual.py ..........................                [ 60%]
tests\knowledge\test_visual_rollback.py ..                               [ 61%]
tests\knowledge\test_web_ui.py ....                                      [ 61%]
tests\knowledge\test_xiaohongshu_adapter.py ......................       [ 63%]
tests\knowledge\test_youtube_anonymous_research.py ...                   [ 63%]
tests\knowledge\test_youtube_session.py .............                    [ 64%]
tests\knowledge\test_youtube_subtitle_first.py ...............           [ 66%]
tests\test_ai_analyzer.py ..................................             [ 69%]
tests\test_audiovisual_handoff.py ...                                    [ 69%]
tests\test_audiovisual_illustrate_validation.py ...........              [ 70%]
tests\test_audiovisual_package_structure.py ...                          [ 70%]
tests\test_audiovisual_raw_prompt_adapter.py ........................... [ 73%]
.                                                                        [ 73%]
tests\test_audiovisual_rendering.py ..                                   [ 73%]
tests\test_audiovisual_template_engine.py .............................. [ 75%]
........................................................................ [ 82%]
........................s.ss.....................sss.................... [ 88%]
...........                                                              [ 89%]
tests\test_auto_scoring_config.py ............                           [ 90%]
tests\test_classification_summary.py ...                                 [ 91%]
tests\test_e2e_pipeline.py .                                             [ 91%]
tests\test_host_batching_recovery.py ............                        [ 92%]
tests\test_openclaw_batch_probe.py ..........                            [ 93%]
tests\test_openclaw_batch_probe_schema.py .....                          [ 93%]
tests\test_openclaw_dispatch.py ....................                     [ 95%]
tests\test_orchestrate_vnext.py .....                                    [ 95%]
tests\test_pipeline_helpers.py .............                             [ 96%]
tests\test_routing_and_dispatch.py .....                                 [ 97%]
tests\test_run_state.py .................                                [ 98%]
tests\test_template_engine_validation_sidecar.py .                       [ 98%]
tests\test_text_model_runtime.py ....                                    [ 99%]
tests\test_text_model_runtime_backoff.py ....                            [ 99%]
tests\test_video_type_router_runtime.py ....                             [100%]

============================== warnings summary ===============================
tests/knowledge/test_frame_extraction.py: 6 warnings
tests/knowledge/test_runner_e2e.py: 2 warnings
tests/knowledge/test_visual.py: 3 warnings
  C:\Users\Lauseusing\Developer\video-knowledge-m1-productization\src\video_knowledge\domain\visual.py:42: DeprecationWarning: Image.Image.getdata is deprecated and will be removed in Pillow 14 (2027-10-15). Use get_flattened_data instead.
    values = list(image.getdata())

tests/knowledge/test_runner_e2e.py: 2 warnings
tests/knowledge/test_visual.py: 10 warnings
  C:\Users\Lauseusing\Developer\video-knowledge-m1-productization\src\video_knowledge\domain\visual.py:274: DeprecationWarning: Image.Image.getdata is deprecated and will be removed in Pillow 14 (2027-10-15). Use get_flattened_data instead.
    values = [abs(int(a) - int(b)) for a, b in zip(first.getdata(), second.getdata())]

-- Docs: https://docs.pytest.org/en/stable/how-to/capture-warnings.html
========= 1123 passed, 6 skipped, 2 deselected, 23 warnings in 37.88s =========
EXITCODE=0
